[debug] [2022-05-05T15:56:51.832Z] ----------------------------------------------------------------------
[debug] [2022-05-05T15:56:51.833Z] Command:       C:\Program Files\nodejs\node.exe C:\Users\ASUS\AppData\Roaming\npm\node_modules\firebase-tools\lib\bin\firebase.js init
[debug] [2022-05-05T15:56:51.834Z] CLI Version:   10.8.0
[debug] [2022-05-05T15:56:51.834Z] Platform:      win32
[debug] [2022-05-05T15:56:51.834Z] Node Version:  v14.17.6
[debug] [2022-05-05T15:56:51.835Z] Time:          Thu May 05 2022 21:56:51 GMT+0600 (Bangladesh Standard Time)
[debug] [2022-05-05T15:56:51.835Z] ----------------------------------------------------------------------
[debug] 
[debug] [2022-05-05T15:56:51.839Z] > command requires scopes: ["email","openid","https://www.googleapis.com/auth/cloudplatformprojects.readonly","https://www.googleapis.com/auth/firebase","https://www.googleapis.com/auth/cloud-platform"]
[debug] [2022-05-05T15:56:51.840Z] > authorizing via signed-in user (uddinmdshihab452@gmail.com)
[info] 
     ######## #### ########  ######## ########     ###     ######  ########
     ##        ##  ##     ## ##       ##     ##  ##   ##  ##       ##
     ######    ##  ########  ######   ########  #########  ######  ######
     ##        ##  ##    ##  ##       ##     ## ##     ##       ## ##
     ##       #### ##     ## ######## ########  ##     ##  ######  ########

You're about to initialize a Firebase project in this directory:

  D:\mission-2022-project\eleven-assignment\royal-cars-client

[info] 
=== Project Setup
[info] 
[info] First, let's associate this project directory with a Firebase project.
[info] You can create multiple project aliases by running firebase use --add, 
[info] but for now we'll just set up a default project.
[info] 
